<?xml version="1.0" encoding="UTF-8"?>
<!-- Generated by org.testng.reporters.JUnitXMLReporter -->
<testsuite hostname="DESKTOP-BKF216K" name="Mobile Test" tests="1" failures="1" timestamp="27 Nov 2020 05:36:01 GMT" time="44.243" errors="0">
  <testcase name="verifyMobilePrice" time="3.148" classname="tests.MobileTest">
    <failure type="java.lang.NullPointerException">
      <![CDATA[java.lang.NullPointerException
	at base.CustomDriver.getText(CustomDriver.java:354)
	at base.CustomDriver.getText(CustomDriver.java:374)
	at pages.MobilePage.mobilePrice(MobilePage.java:55)
	at tests.MobileTest.verifyMobilePrice(MobileTest.java:39)
	at java.util.concurrent.FutureTask.run(FutureTask.java:266)
	at java.util.concurrent.ThreadPoolExecutor.runWorker(ThreadPoolExecutor.java:1149)
	at java.util.concurrent.ThreadPoolExecutor$Worker.run(ThreadPoolExecutor.java:624)
	at java.lang.Thread.run(Thread.java:748)
... Removed 16 stack frames]]>
    </failure>
  </testcase> <!-- verifyMobilePrice -->
</testsuite> <!-- Mobile Test -->
