<?xml version="1.0" encoding="UTF-8"?>
<testng-results skipped="0" failed="0" ignored="1" total="2" passed="1">
  <reporter-output>
  </reporter-output>
  <suite name="TestNG Listeners" duration-ms="38372" started-at="2020-11-11T14:35:26Z" finished-at="2020-11-11T14:36:04Z">
    <groups>
    </groups>
    <test name="Login Test" duration-ms="38372" started-at="2020-11-11T14:35:26Z" finished-at="2020-11-11T14:36:04Z">
      <class name="tests.LoginTests">
        <test-method status="PASS" signature="commonSetUp(java.lang.String)[pri:0, instance:tests.LoginTests@1593948d]" name="commonSetUp" is-config="true" duration-ms="16206" started-at="2020-11-11T14:35:26Z" finished-at="2020-11-11T14:35:42Z">
          <params>
            <param index="0">
              <value>
                <![CDATA[chrome]]>
              </value>
            </param>
          </params>
          <reporter-output>
          </reporter-output>
        </test-method> <!-- commonSetUp -->
        <test-method status="PASS" signature="setUp()[pri:0, instance:tests.LoginTests@1593948d]" name="setUp" is-config="true" duration-ms="1752" started-at="2020-11-11T14:35:42Z" finished-at="2020-11-11T14:35:44Z">
          <reporter-output>
          </reporter-output>
        </test-method> <!-- setUp -->
        <test-method status="PASS" signature="testLogin(java.util.Hashtable)[pri:0, instance:tests.LoginTests@1593948d]" name="testLogin" duration-ms="14988" started-at="2020-11-11T14:35:44Z" data-provider="verifyLogin" finished-at="2020-11-11T14:35:59Z">
          <params>
            <param index="0">
              <value>
                <![CDATA[{password=thebest1227, uid=santhosh271220@gmail.com}]]>
              </value>
            </param>
          </params>
          <reporter-output>
          </reporter-output>
        </test-method> <!-- testLogin -->
        <test-method status="PASS" signature="commonTearDown()[pri:0, instance:tests.LoginTests@1593948d]" name="commonTearDown" is-config="true" duration-ms="5344" started-at="2020-11-11T14:35:59Z" finished-at="2020-11-11T14:36:04Z">
          <reporter-output>
          </reporter-output>
        </test-method> <!-- commonTearDown -->
      </class> <!-- tests.LoginTests -->
    </test> <!-- Login Test -->
  </suite> <!-- TestNG Listeners -->
</testng-results>
