<?xml version="1.0" encoding="UTF-8"?>
<testng-results skipped="0" failed="1" total="2" passed="1">
  <reporter-output>
  </reporter-output>
  <suite name="TestNG Listeners" duration-ms="44243" started-at="2020-11-27T05:35:17Z" finished-at="2020-11-27T05:36:01Z">
    <groups>
      <group name="functional">
        <method signature="MobileTest.verifyMobilePrice()[pri:0, instance:tests.MobileTest@25bbe1b6]" name="verifyMobilePrice" class="tests.MobileTest"/>
      </group> <!-- functional -->
      <group name="price">
        <method signature="MobileTest.verifyMobilePrice()[pri:0, instance:tests.MobileTest@25bbe1b6]" name="verifyMobilePrice" class="tests.MobileTest"/>
      </group> <!-- price -->
    </groups>
    <test name="Login Test" duration-ms="32857" started-at="2020-11-27T05:35:17Z" finished-at="2020-11-27T05:35:50Z">
      <class name="tests.OrderTest">
        <test-method status="PASS" signature="commonSetUp(java.lang.String)[pri:0, instance:tests.OrderTest@52a86356]" name="commonSetUp" is-config="true" duration-ms="11634" started-at="2020-11-27T11:05:17Z" finished-at="2020-11-27T11:05:28Z">
          <params>
            <param index="0">
              <value>
                <![CDATA[chrome]]>
              </value>
            </param>
          </params>
          <reporter-output>
          </reporter-output>
        </test-method> <!-- commonSetUp -->
        <test-method status="PASS" signature="setUp()[pri:0, instance:tests.OrderTest@52a86356]" name="setUp" is-config="true" duration-ms="5360" started-at="2020-11-27T11:05:28Z" finished-at="2020-11-27T11:05:34Z">
          <reporter-output>
          </reporter-output>
        </test-method> <!-- setUp -->
        <test-method status="PASS" signature="verifyReorder()[pri:0, instance:tests.OrderTest@52a86356]" name="verifyReorder" duration-ms="15835" started-at="2020-11-27T11:05:34Z" finished-at="2020-11-27T11:05:50Z">
          <reporter-output>
          </reporter-output>
        </test-method> <!-- verifyReorder -->
        <test-method status="PASS" signature="tearDown()[pri:0, instance:tests.OrderTest@52a86356]" name="tearDown" is-config="true" duration-ms="0" started-at="2020-11-27T11:05:50Z" finished-at="2020-11-27T11:05:50Z">
          <reporter-output>
          </reporter-output>
        </test-method> <!-- tearDown -->
        <test-method status="PASS" signature="commonTearDown()[pri:0, instance:tests.OrderTest@52a86356]" name="commonTearDown" is-config="true" duration-ms="1" started-at="2020-11-27T11:05:50Z" finished-at="2020-11-27T11:05:50Z">
          <reporter-output>
          </reporter-output>
        </test-method> <!-- commonTearDown -->
      </class> <!-- tests.OrderTest -->
    </test> <!-- Login Test -->
    <test name="Mobile Test" duration-ms="44243" started-at="2020-11-27T05:35:17Z" finished-at="2020-11-27T05:36:01Z">
      <class name="tests.MobileTest">
        <test-method status="PASS" signature="commonSetUp(java.lang.String)[pri:0, instance:tests.MobileTest@25bbe1b6]" name="commonSetUp" is-config="true" duration-ms="41079" started-at="2020-11-27T11:05:17Z" finished-at="2020-11-27T11:05:58Z">
          <params>
            <param index="0">
              <value>
                <![CDATA[chrome]]>
              </value>
            </param>
          </params>
          <reporter-output>
          </reporter-output>
        </test-method> <!-- commonSetUp -->
        <test-method status="FAIL" signature="verifyMobilePrice()[pri:0, instance:tests.MobileTest@25bbe1b6]" name="verifyMobilePrice" duration-ms="3148" started-at="2020-11-27T11:05:58Z" finished-at="2020-11-27T11:06:01Z">
          <exception class="java.lang.NullPointerException">
            <full-stacktrace>
              <![CDATA[java.lang.NullPointerException
	at base.CustomDriver.getText(CustomDriver.java:354)
	at base.CustomDriver.getText(CustomDriver.java:374)
	at pages.MobilePage.mobilePrice(MobilePage.java:55)
	at tests.MobileTest.verifyMobilePrice(MobileTest.java:39)
	at sun.reflect.NativeMethodAccessorImpl.invoke0(Native Method)
	at sun.reflect.NativeMethodAccessorImpl.invoke(NativeMethodAccessorImpl.java:62)
	at sun.reflect.DelegatingMethodAccessorImpl.invoke(DelegatingMethodAccessorImpl.java:43)
	at java.lang.reflect.Method.invoke(Method.java:498)
	at org.testng.internal.MethodInvocationHelper.invokeMethod(MethodInvocationHelper.java:86)
	at org.testng.internal.Invoker.invokeMethod(Invoker.java:646)
	at org.testng.internal.Invoker.invokeTestMethod(Invoker.java:823)
	at org.testng.internal.Invoker.invokeTestMethods(Invoker.java:1131)
	at org.testng.internal.TestMethodWorker.invokeTestMethods(TestMethodWorker.java:129)
	at org.testng.internal.TestMethodWorker.run(TestMethodWorker.java:112)
	at org.testng.TestRunner.privateRun(TestRunner.java:778)
	at org.testng.TestRunner.run(TestRunner.java:632)
	at org.testng.SuiteRunner.runTest(SuiteRunner.java:366)
	at org.testng.SuiteRunner.access$000(SuiteRunner.java:39)
	at org.testng.SuiteRunner$SuiteWorker.run(SuiteRunner.java:400)
	at org.testng.internal.thread.ThreadUtil$2.call(ThreadUtil.java:64)
	at java.util.concurrent.FutureTask.run(FutureTask.java:266)
	at java.util.concurrent.ThreadPoolExecutor.runWorker(ThreadPoolExecutor.java:1149)
	at java.util.concurrent.ThreadPoolExecutor$Worker.run(ThreadPoolExecutor.java:624)
	at java.lang.Thread.run(Thread.java:748)
]]>
            </full-stacktrace>
          </exception> <!-- java.lang.NullPointerException -->
          <reporter-output>
          </reporter-output>
        </test-method> <!-- verifyMobilePrice -->
        <test-method status="PASS" signature="commonTearDown()[pri:0, instance:tests.MobileTest@25bbe1b6]" name="commonTearDown" is-config="true" duration-ms="1" started-at="2020-11-27T11:06:01Z" finished-at="2020-11-27T11:06:01Z">
          <reporter-output>
          </reporter-output>
        </test-method> <!-- commonTearDown -->
      </class> <!-- tests.MobileTest -->
    </test> <!-- Mobile Test -->
  </suite> <!-- TestNG Listeners -->
</testng-results>
